Arguments: 
  /Users/ariellerabelo/.asdf/installs/nodejs/18.7.0/bin/node /Users/ariellerabelo/.asdf/installs/yarn/1.22.19/bin/yarn.js install

PATH: 
  /Users/ariellerabelo/.asdf/plugins/nodejs/shims:/Users/ariellerabelo/.asdf/installs/nodejs/18.7.0/.npm/bin:/Users/ariellerabelo/.asdf/installs/nodejs/18.7.0/bin:/Users/ariellerabelo/.asdf/installs/yarn/1.22.19/bin:/opt/homebrew/opt/libpq/bin:/Users/ariellerabelo/.asdf/shims:/opt/homebrew/opt/asdf/libexec/bin:/opt/homebrew/bin:/opt/homebrew/sbin:/usr/local/bin:/usr/bin:/bin:/usr/sbin:/sbin

Yarn version: 
  1.22.19

Node version: 
  18.7.0

Platform: 
  darwin arm64

Trace: 
  SyntaxError: /Users/ariellerabelo/tasker/package.json: Unexpected token } in JSON at position 76
      at JSON.parse (<anonymous>)
      at /Users/ariellerabelo/.asdf/installs/yarn/1.22.19/lib/cli.js:1629:59
      at Generator.next (<anonymous>)
      at step (/Users/ariellerabelo/.asdf/installs/yarn/1.22.19/lib/cli.js:310:30)
      at /Users/ariellerabelo/.asdf/installs/yarn/1.22.19/lib/cli.js:321:13

npm manifest: 
  {
    "dependencies": {
      "jquery": "^3.6.0",
      "popper.js": "^1.16.1",
    }
  }

yarn manifest: 
  No manifest

Lockfile: 
  # THIS IS AN AUTOGENERATED FILE. DO NOT EDIT THIS FILE DIRECTLY.
  # yarn lockfile v1
  
  
  "@hotwired/stimulus@>= 3.0":
    version "3.1.0"
    resolved "https://registry.yarnpkg.com/@hotwired/stimulus/-/stimulus-3.1.0.tgz#20215251e5afe6e0a3787285181ba1bfc9097df0"
    integrity sha512-iDMHUhiEJ1xFeicyHcZQQgBzhtk5mPR0QZO3L6wtqzMsJEk2TKECuCQTGKjm+KJTHVY0dKq1dOOAWvODjpd2Mg==
  
  "@rails/actioncable@>= 6.0":
    version "7.0.3"
    resolved "https://registry.yarnpkg.com/@rails/actioncable/-/actioncable-7.0.3.tgz#71f08e958883af64f6a20489318b5e95d2c6dc5b"
    integrity sha512-Iefl21FZD+ck1di6xSHMYzSzRiNJTHV4NrAzCfDfqc/wPz4xncrP8f2/fJ+2jzwKIaDn76UVMsALh7R5OzsF8Q==
  
  bootstrap@^5.2.0:
    version "5.2.0"
    resolved "https://registry.yarnpkg.com/bootstrap/-/bootstrap-5.2.0.tgz#838727fb60f1630db370fe57c63cbcf2962bb3d3"
    integrity sha512-qlnS9GL6YZE6Wnef46GxGv1UpGGzAwO0aPL1yOjzDIJpeApeMvqV24iL+pjr2kU4dduoBA9fINKWKgMToobx9A==
  
  "cable_ready@>= 5.0.0-pre9":
    version "5.0.0-pre9"
    resolved "https://registry.yarnpkg.com/cable_ready/-/cable_ready-5.0.0-pre9.tgz#9c082b796f7b7add7965ce637a8d8717726be5ab"
    integrity sha512-m7XggG+LRPFLsbH78G603F3AAYpkv+VfGCouN6RrP20Mgz9H0+xr7v2DN2F1CeJBBAliYPKcAt/48uTGjSrBaA==
    dependencies:
      morphdom "^2.6.1"
  
  jquery@^3.6.0:
    version "3.6.0"
    resolved "https://registry.yarnpkg.com/jquery/-/jquery-3.6.0.tgz#c72a09f15c1bdce142f49dbf1170bdf8adac2470"
    integrity sha512-JVzAR/AjBvVt2BmYhxRCSYysDsPcssdmTFnzyLEts9qNwmjmu4JTAMYubEfwVOSwpQ1I1sKKFcxhZCI2buerfw==
  
  morphdom@^2.6.1:
    version "2.6.1"
    resolved "https://registry.yarnpkg.com/morphdom/-/morphdom-2.6.1.tgz#e868e24f989fa3183004b159aed643e628b4306e"
    integrity sha512-Y8YRbAEP3eKykroIBWrjcfMw7mmwJfjhqdpSvoqinu8Y702nAwikpXcNFDiIkyvfCLxLM9Wu95RZqo4a9jFBaA==
  
  popper.js@^1.16.1:
    version "1.16.1"
    resolved "https://registry.yarnpkg.com/popper.js/-/popper.js-1.16.1.tgz#2a223cb3dc7b6213d740e40372be40de43e65b1b"
    integrity sha512-Wb4p1J4zyFTbM+u6WuO4XstYx4Ky9Cewe4DWrel7B0w6VVICvPwdOpotjzcf6eD8TsckVnIMNONQyPIUFOUbCQ==
  
  stimulus_reflex@^3.5.0-pre9:
    version "3.5.0-pre9"
    resolved "https://registry.yarnpkg.com/stimulus_reflex/-/stimulus_reflex-3.5.0-pre9.tgz#e99eaf11e9e7476df10cd8f5c557d368f54446b3"
    integrity sha512-ZhGUuJaKaWhHU5eGnZQ3pgnv0/pJ4dtNABDtMZRAHNm3ngsHY5dpR/H801a1ozD6J5rpadONvhhBcPjPY/x6NQ==
    dependencies:
      "@hotwired/stimulus" ">= 3.0"
      "@rails/actioncable" ">= 6.0"
      cable_ready ">= 5.0.0-pre9"
